Arguments: 
  C:\nodejs\node.exe C:\Program Files (x86)\Yarn\bin\yarn.js install

PATH: 
  C:\ojdkbuild\java-1.8.0-openjdk-1.8.0.201-1\bin;C:\maven\apache-maven-3.6.1\bin;C:\nodejs;C:\Program Files (x86)\Yarn\bin\;C:\PROGRA~2\Groovy\GROOVY~1.7\bin;C:\Users\ShinKai\AppData\Local\Microsoft\WindowsApps;C:\workspace\apache-tomcat-9.0.8-windows-x64\bin;;C:\Program Files\Microsoft VS Code\bin;C:\Users\ShinKai\AppData\Roaming\npm;C:\Users\ShinKai\AppData\Local\Yarn\bin

Yarn version: 
  1.16.0

Node version: 
  10.15.1

Platform: 
  win32 x64

Trace: 
  SyntaxError: C:\node_workspace\CWB-DATA-CRAWLER\download-cwb-WRF-task\package.json: Unexpected token } in JSON at position 298
      at JSON.parse (<anonymous>)
      at C:\Program Files (x86)\Yarn\lib\cli.js:1625:59
      at Generator.next (<anonymous>)
      at step (C:\Program Files (x86)\Yarn\lib\cli.js:304:30)
      at C:\Program Files (x86)\Yarn\lib\cli.js:315:13

npm manifest: 
  {
    "name": "CWB-WRF-Download-Task",
    "version": "1.0.0",
    "main": "index.js",
    "repository": "git@github.com:ShinKaiMa/download-cwb-WRF-task.git",
    "author": "ShinKai <shinkaivin1993@gmail.com>",
    "license": "MIT",
    "dependencies": {
      "@types/node": "^12.0.10",
      "axios": "^0.19.0",
    }
  }

yarn manifest: 
  No manifest

Lockfile: 
  # THIS IS AN AUTOGENERATED FILE. DO NOT EDIT THIS FILE DIRECTLY.
  # yarn lockfile v1
  
  
  "@types/node@^12.0.10":
    version "12.0.10"
    resolved "https://registry.yarnpkg.com/@types/node/-/node-12.0.10.tgz#51babf9c7deadd5343620055fc8aff7995c8b031"
    integrity sha512-LcsGbPomWsad6wmMNv7nBLw7YYYyfdYcz6xryKYQhx89c3XXan+8Q6AJ43G5XDIaklaVkK3mE4fCb0SBvMiPSQ==
  
  axios@^0.19.0:
    version "0.19.0"
    resolved "https://registry.yarnpkg.com/axios/-/axios-0.19.0.tgz#8e09bff3d9122e133f7b8101c8fbdd00ed3d2ab8"
    integrity sha512-1uvKqKQta3KBxIz14F2v06AEHZ/dIoeKfbTRkK1E5oqjDnuEerLmYTgJB5AiQZHJcljpg1TuRzdjDR06qNk0DQ==
    dependencies:
      follow-redirects "1.5.10"
      is-buffer "^2.0.2"
  
  debug@=3.1.0:
    version "3.1.0"
    resolved "https://registry.yarnpkg.com/debug/-/debug-3.1.0.tgz#5bb5a0672628b64149566ba16819e61518c67261"
    integrity sha512-OX8XqP7/1a9cqkxYw2yXss15f26NKWBpDXQd0/uK/KPqdQhxbPa994hnzjcE2VqQpDslf55723cKPUOGSmMY3g==
    dependencies:
      ms "2.0.0"
  
  follow-redirects@1.5.10:
    version "1.5.10"
    resolved "https://registry.yarnpkg.com/follow-redirects/-/follow-redirects-1.5.10.tgz#7b7a9f9aea2fdff36786a94ff643ed07f4ff5e2a"
    integrity sha512-0V5l4Cizzvqt5D44aTXbFZz+FtyXV1vrDN6qrelxtfYQKW0KO0W2T/hkE8xvGa/540LkZlkaUjO4ailYTFtHVQ==
    dependencies:
      debug "=3.1.0"
  
  is-buffer@^2.0.2:
    version "2.0.3"
    resolved "https://registry.yarnpkg.com/is-buffer/-/is-buffer-2.0.3.tgz#4ecf3fcf749cbd1e472689e109ac66261a25e725"
    integrity sha512-U15Q7MXTuZlrbymiz95PJpZxu8IlipAp4dtS3wOdgPXx3mqBnslrWU14kxfHB+Py/+2PVKSr37dMAgM2A4uArw==
  
  mkdir@^0.0.2:
    version "0.0.2"
    resolved "https://registry.yarnpkg.com/mkdir/-/mkdir-0.0.2.tgz#3b9da7a4e5b13004ebc636581b160e1e04776851"
    integrity sha1-O52npOWxMATrxjZYGxYOHgR3aFE=
  
  ms@2.0.0:
    version "2.0.0"
    resolved "https://registry.yarnpkg.com/ms/-/ms-2.0.0.tgz#5608aeadfc00be6c2901df5f9861788de0d597c8"
    integrity sha1-VgiurfwAvmwpAd9fmGF4jeDVl8g=
